[INFO]2023-06-29 10:46:02,804 - Starting SpringbootApplication using Java 1.8.0_144 on hp with PID 19192 (D:\Desktop\工作文件\教学文件\重庆大学\上课\4、Springboot + Vue + ElementUI\代码\springboot\target\classes started by 12920 in D:\Desktop\工作文件\教学文件\重庆大学\上课\4、Springboot + Vue + ElementUI\代码\springboot)
[INFO]2023-06-29 10:46:02,806 - No active profile set, falling back to 1 default profile: "default"
[INFO]2023-06-29 10:46:02,862 - Devtools property defaults active! Set 'spring.devtools.add-properties' to 'false' to disable
[INFO]2023-06-29 10:46:02,862 - For additional web related logging consider setting the 'logging.level.web' property to 'DEBUG'
[INFO]2023-06-29 10:46:03,808 - Bootstrapping Spring Data JPA repositories in DEFAULT mode.
[INFO]2023-06-29 10:46:03,830 - Finished Spring Data repository scanning in 8 ms. Found 0 JPA repository interfaces.
[INFO]2023-06-29 10:46:04,574 - Tomcat initialized with port(s): 8080 (http)
[INFO]2023-06-29 10:46:04,581 - Initializing ProtocolHandler ["http-nio-8080"]
[INFO]2023-06-29 10:46:04,583 - Starting service [Tomcat]
[INFO]2023-06-29 10:46:04,583 - Starting Servlet engine: [Apache Tomcat/9.0.76]
[INFO]2023-06-29 10:46:04,679 - Initializing Spring embedded WebApplicationContext
[INFO]2023-06-29 10:46:04,679 - Root WebApplicationContext: initialization completed in 1817 ms
[INFO]2023-06-29 10:46:04,795 - HikariPool-1 - Starting...
[INFO]2023-06-29 10:46:04,964 - HikariPool-1 - Start completed.
[INFO]2023-06-29 10:46:05,050 - HHH000412: Hibernate ORM core version 5.6.15.Final
[INFO]2023-06-29 10:46:05,188 - HCANN000001: Hibernate Commons Annotations {5.1.2.Final}
[INFO]2023-06-29 10:46:05,304 - HHH000400: Using dialect: org.hibernate.dialect.MySQL57Dialect
[INFO]2023-06-29 10:46:05,416 - HHH000490: Using JtaPlatform implementation: [org.hibernate.engine.transaction.jta.platform.internal.NoJtaPlatform]
[INFO]2023-06-29 10:46:05,425 - Initialized JPA EntityManagerFactory for persistence unit 'default'
[WARN]2023-06-29 10:46:05,751 - spring.jpa.open-in-view is enabled by default. Therefore, database queries may be performed during view rendering. Explicitly configure spring.jpa.open-in-view to disable this warning
[INFO]2023-06-29 10:46:06,103 - LiveReload server is running on port 35729
[INFO]2023-06-29 10:46:06,125 - Starting ProtocolHandler ["http-nio-8080"]
[INFO]2023-06-29 10:46:06,145 - Tomcat started on port(s): 8080 (http) with context path ''
[INFO]2023-06-29 10:46:06,173 - Started SpringbootApplication in 3.95 seconds (JVM running for 5.924)
[INFO]2023-06-29 10:53:47,124 - Initializing Spring DispatcherServlet 'dispatcherServlet'
[INFO]2023-06-29 10:53:47,124 - Initializing Servlet 'dispatcherServlet'
[INFO]2023-06-29 10:53:47,125 - Completed initialization in 1 ms
[INFO]2023-06-29 14:56:11,210 - Restarting due to 6 class path changes (1 addition, 1 deletion, 4 modifications)
[INFO]2023-06-29 14:56:11,652 - Pausing ProtocolHandler ["http-nio-8080"]
[INFO]2023-06-29 14:56:11,652 - Stopping service [Tomcat]
[INFO]2023-06-29 14:56:11,653 - Destroying Spring FrameworkServlet 'dispatcherServlet'
[INFO]2023-06-29 14:56:11,659 - Stopping ProtocolHandler ["http-nio-8080"]
[INFO]2023-06-29 14:56:11,661 - Destroying ProtocolHandler ["http-nio-8080"]
[INFO]2023-06-29 14:56:11,663 - Closing JPA EntityManagerFactory for persistence unit 'default'
[INFO]2023-06-29 14:56:11,665 - HikariPool-1 - Shutdown initiated...
[INFO]2023-06-29 14:56:11,668 - HikariPool-1 - Shutdown completed.
[INFO]2023-06-29 14:56:11,782 - Starting SpringbootApplication using Java 1.8.0_144 on hp with PID 19192 (D:\Desktop\工作文件\教学文件\重庆大学\上课\4、Springboot + Vue + ElementUI\代码\springboot\target\classes started by 12920 in D:\Desktop\工作文件\教学文件\重庆大学\上课\4、Springboot + Vue + ElementUI\代码\springboot)
[INFO]2023-06-29 14:56:11,782 - No active profile set, falling back to 1 default profile: "default"
[INFO]2023-06-29 14:56:11,893 - Bootstrapping Spring Data JPA repositories in DEFAULT mode.
[INFO]2023-06-29 14:56:11,898 - Finished Spring Data repository scanning in 3 ms. Found 0 JPA repository interfaces.
[INFO]2023-06-29 14:56:11,994 - Tomcat initialized with port(s): 8080 (http)
[INFO]2023-06-29 14:56:11,994 - Initializing ProtocolHandler ["http-nio-8080"]
[INFO]2023-06-29 14:56:11,994 - Starting service [Tomcat]
[INFO]2023-06-29 14:56:11,994 - Starting Servlet engine: [Apache Tomcat/9.0.76]
[INFO]2023-06-29 14:56:12,015 - Initializing Spring embedded WebApplicationContext
[INFO]2023-06-29 14:56:12,015 - Root WebApplicationContext: initialization completed in 230 ms
[INFO]2023-06-29 14:56:12,042 - HikariPool-2 - Starting...
[INFO]2023-06-29 14:56:12,045 - HikariPool-2 - Start completed.
[INFO]2023-06-29 14:56:12,054 - HHH000400: Using dialect: org.hibernate.dialect.MySQL57Dialect
[INFO]2023-06-29 14:56:12,060 - HHH000490: Using JtaPlatform implementation: [org.hibernate.engine.transaction.jta.platform.internal.NoJtaPlatform]
[INFO]2023-06-29 14:56:12,061 - Initialized JPA EntityManagerFactory for persistence unit 'default'
[WARN]2023-06-29 14:56:12,123 - spring.jpa.open-in-view is enabled by default. Therefore, database queries may be performed during view rendering. Explicitly configure spring.jpa.open-in-view to disable this warning
[INFO]2023-06-29 14:56:12,225 - LiveReload server is running on port 35729
[INFO]2023-06-29 14:56:12,230 - Starting ProtocolHandler ["http-nio-8080"]
[INFO]2023-06-29 14:56:12,232 - Tomcat started on port(s): 8080 (http) with context path ''
[INFO]2023-06-29 14:56:12,239 - Started SpringbootApplication in 0.479 seconds (JVM running for 15010.397)
[INFO]2023-06-29 14:56:12,240 - Condition evaluation unchanged
[INFO]2023-06-29 14:56:13,664 - Restarting due to 1 class path change (1 addition, 0 deletions, 0 modifications)
[INFO]2023-06-29 14:56:14,160 - Pausing ProtocolHandler ["http-nio-8080"]
[INFO]2023-06-29 14:56:14,160 - Stopping service [Tomcat]
[INFO]2023-06-29 14:56:14,162 - Stopping ProtocolHandler ["http-nio-8080"]
[INFO]2023-06-29 14:56:14,164 - Destroying ProtocolHandler ["http-nio-8080"]
[INFO]2023-06-29 14:56:14,164 - Closing JPA EntityManagerFactory for persistence unit 'default'
[INFO]2023-06-29 14:56:14,165 - HikariPool-2 - Shutdown initiated...
[INFO]2023-06-29 14:56:14,168 - HikariPool-2 - Shutdown completed.
[INFO]2023-06-29 14:56:14,277 - Starting SpringbootApplication using Java 1.8.0_144 on hp with PID 19192 (D:\Desktop\工作文件\教学文件\重庆大学\上课\4、Springboot + Vue + ElementUI\代码\springboot\target\classes started by 12920 in D:\Desktop\工作文件\教学文件\重庆大学\上课\4、Springboot + Vue + ElementUI\代码\springboot)
[INFO]2023-06-29 14:56:14,277 - No active profile set, falling back to 1 default profile: "default"
[INFO]2023-06-29 14:56:14,371 - Bootstrapping Spring Data JPA repositories in DEFAULT mode.
[INFO]2023-06-29 14:56:14,374 - Finished Spring Data repository scanning in 2 ms. Found 0 JPA repository interfaces.
[INFO]2023-06-29 14:56:14,451 - Tomcat initialized with port(s): 8080 (http)
[INFO]2023-06-29 14:56:14,451 - Initializing ProtocolHandler ["http-nio-8080"]
[INFO]2023-06-29 14:56:14,452 - Starting service [Tomcat]
[INFO]2023-06-29 14:56:14,452 - Starting Servlet engine: [Apache Tomcat/9.0.76]
[INFO]2023-06-29 14:56:14,467 - Initializing Spring embedded WebApplicationContext
[INFO]2023-06-29 14:56:14,467 - Root WebApplicationContext: initialization completed in 189 ms
[INFO]2023-06-29 14:56:14,485 - HikariPool-3 - Starting...
[INFO]2023-06-29 14:56:14,487 - HikariPool-3 - Start completed.
[INFO]2023-06-29 14:56:14,492 - HHH000400: Using dialect: org.hibernate.dialect.MySQL57Dialect
[INFO]2023-06-29 14:56:14,494 - HHH000490: Using JtaPlatform implementation: [org.hibernate.engine.transaction.jta.platform.internal.NoJtaPlatform]
[INFO]2023-06-29 14:56:14,494 - Initialized JPA EntityManagerFactory for persistence unit 'default'
[WARN]2023-06-29 14:56:14,530 - spring.jpa.open-in-view is enabled by default. Therefore, database queries may be performed during view rendering. Explicitly configure spring.jpa.open-in-view to disable this warning
[INFO]2023-06-29 14:56:14,592 - LiveReload server is running on port 35729
[INFO]2023-06-29 14:56:14,600 - Starting ProtocolHandler ["http-nio-8080"]
[INFO]2023-06-29 14:56:14,601 - Tomcat started on port(s): 8080 (http) with context path ''
[INFO]2023-06-29 14:56:14,610 - Started SpringbootApplication in 0.349 seconds (JVM running for 15012.768)
[INFO]2023-06-29 14:56:14,611 - Condition evaluation unchanged
[INFO]2023-06-29 14:57:56,605 - Starting SpringbootApplication using Java 1.8.0_144 on hp with PID 8084 (D:\Desktop\工作文件\教学文件\重庆大学\上课\4、Springboot + Vue + ElementUI\代码\springboot\target\classes started by 12920 in D:\Desktop\工作文件\教学文件\重庆大学\上课\4、Springboot + Vue + ElementUI\代码\springboot)
[INFO]2023-06-29 14:57:56,605 - No active profile set, falling back to 1 default profile: "default"
[INFO]2023-06-29 14:57:56,648 - Devtools property defaults active! Set 'spring.devtools.add-properties' to 'false' to disable
[INFO]2023-06-29 14:57:56,648 - For additional web related logging consider setting the 'logging.level.web' property to 'DEBUG'
[INFO]2023-06-29 14:57:57,140 - Bootstrapping Spring Data JPA repositories in DEFAULT mode.
[INFO]2023-06-29 14:57:57,155 - Finished Spring Data repository scanning in 7 ms. Found 0 JPA repository interfaces.
[INFO]2023-06-29 14:57:57,641 - Tomcat initialized with port(s): 8080 (http)
[INFO]2023-06-29 14:57:57,647 - Initializing ProtocolHandler ["http-nio-8080"]
[INFO]2023-06-29 14:57:57,648 - Starting service [Tomcat]
[INFO]2023-06-29 14:57:57,649 - Starting Servlet engine: [Apache Tomcat/9.0.76]
[INFO]2023-06-29 14:57:57,725 - Initializing Spring embedded WebApplicationContext
[INFO]2023-06-29 14:57:57,725 - Root WebApplicationContext: initialization completed in 1077 ms
[INFO]2023-06-29 14:57:57,828 - HikariPool-1 - Starting...
[INFO]2023-06-29 14:57:57,968 - HikariPool-1 - Start completed.
[INFO]2023-06-29 14:57:58,031 - HHH000412: Hibernate ORM core version 5.6.15.Final
[INFO]2023-06-29 14:57:58,146 - HCANN000001: Hibernate Commons Annotations {5.1.2.Final}
[INFO]2023-06-29 14:57:58,249 - HHH000400: Using dialect: org.hibernate.dialect.MySQL57Dialect
[INFO]2023-06-29 14:57:58,372 - HHH000490: Using JtaPlatform implementation: [org.hibernate.engine.transaction.jta.platform.internal.NoJtaPlatform]
[INFO]2023-06-29 14:57:58,385 - Initialized JPA EntityManagerFactory for persistence unit 'default'
[WARN]2023-06-29 14:57:58,713 - spring.jpa.open-in-view is enabled by default. Therefore, database queries may be performed during view rendering. Explicitly configure spring.jpa.open-in-view to disable this warning
[INFO]2023-06-29 14:57:58,992 - LiveReload server is running on port 35729
[INFO]2023-06-29 14:57:59,002 - Starting ProtocolHandler ["http-nio-8080"]
[INFO]2023-06-29 14:57:59,012 - Tomcat started on port(s): 8080 (http) with context path ''
[INFO]2023-06-29 14:57:59,027 - Started SpringbootApplication in 2.873 seconds (JVM running for 4.938)
[INFO]2023-06-29 15:42:36,573 - Starting SpringbootApplication using Java 1.8.0_144 on hp with PID 24456 (D:\Desktop\工作文件\教学文件\重庆大学\上课\4、Springboot + Vue + ElementUI\代码\springboot\target\classes started by 12920 in D:\Desktop\工作文件\教学文件\重庆大学\上课\4、Springboot + Vue + ElementUI\代码\springboot)
[INFO]2023-06-29 15:42:36,574 - No active profile set, falling back to 1 default profile: "default"
[INFO]2023-06-29 15:42:36,626 - Devtools property defaults active! Set 'spring.devtools.add-properties' to 'false' to disable
[INFO]2023-06-29 15:42:36,626 - For additional web related logging consider setting the 'logging.level.web' property to 'DEBUG'
[INFO]2023-06-29 15:42:37,074 - Bootstrapping Spring Data JPA repositories in DEFAULT mode.
[INFO]2023-06-29 15:42:37,085 - Finished Spring Data repository scanning in 5 ms. Found 0 JPA repository interfaces.
[INFO]2023-06-29 15:42:37,440 - Tomcat initialized with port(s): 8080 (http)
[INFO]2023-06-29 15:42:37,443 - Initializing ProtocolHandler ["http-nio-8080"]
[INFO]2023-06-29 15:42:37,445 - Starting service [Tomcat]
[INFO]2023-06-29 15:42:37,445 - Starting Servlet engine: [Apache Tomcat/9.0.76]
[INFO]2023-06-29 15:42:37,500 - Initializing Spring embedded WebApplicationContext
[INFO]2023-06-29 15:42:37,500 - Root WebApplicationContext: initialization completed in 874 ms
[INFO]2023-06-29 15:42:37,577 - HikariPool-1 - Starting...
[INFO]2023-06-29 15:42:37,676 - HikariPool-1 - Start completed.
[INFO]2023-06-29 15:42:37,717 - HHH000412: Hibernate ORM core version 5.6.15.Final
[INFO]2023-06-29 15:42:37,781 - HCANN000001: Hibernate Commons Annotations {5.1.2.Final}
[INFO]2023-06-29 15:42:37,844 - HHH000400: Using dialect: org.hibernate.dialect.MySQL57Dialect
[INFO]2023-06-29 15:42:37,914 - HHH000490: Using JtaPlatform implementation: [org.hibernate.engine.transaction.jta.platform.internal.NoJtaPlatform]
[INFO]2023-06-29 15:42:37,920 - Initialized JPA EntityManagerFactory for persistence unit 'default'
[WARN]2023-06-29 15:42:38,116 - spring.jpa.open-in-view is enabled by default. Therefore, database queries may be performed during view rendering. Explicitly configure spring.jpa.open-in-view to disable this warning
[INFO]2023-06-29 15:42:38,307 - LiveReload server is running on port 35729
[INFO]2023-06-29 15:42:38,317 - Starting ProtocolHandler ["http-nio-8080"]
[INFO]2023-06-29 15:42:38,327 - Tomcat started on port(s): 8080 (http) with context path ''
[INFO]2023-06-29 15:42:38,341 - Started SpringbootApplication in 2.284 seconds (JVM running for 3.741)
[INFO]2023-06-29 15:46:10,008 - Initializing Spring DispatcherServlet 'dispatcherServlet'
[INFO]2023-06-29 15:46:10,008 - Initializing Servlet 'dispatcherServlet'
[INFO]2023-06-29 15:46:10,010 - Completed initialization in 2 ms
[WARN]2023-06-29 15:46:10,133 - Resolved [org.springframework.http.converter.HttpMessageNotReadableException: Required request body is missing: public com.cqdx.springboot.utils.result.DataResult com.cqdx.springboot.controller.StudentController.queryByPage(com.cqdx.springboot.dto.StudentDTO)]
[WARN]2023-06-29 15:46:16,321 - Resolved [org.springframework.http.converter.HttpMessageNotReadableException: Required request body is missing: public com.cqdx.springboot.utils.result.DataResult com.cqdx.springboot.controller.StudentController.queryByPage(com.cqdx.springboot.dto.StudentDTO)]
[WARN]2023-06-29 15:46:34,532 - Resolved [org.springframework.http.converter.HttpMessageNotReadableException: Required request body is missing: public com.cqdx.springboot.utils.result.DataResult com.cqdx.springboot.controller.StudentController.queryByPage(com.cqdx.springboot.dto.StudentDTO)]
[WARN]2023-06-29 15:46:38,077 - Resolved [org.springframework.http.converter.HttpMessageNotReadableException: Required request body is missing: public com.cqdx.springboot.utils.result.DataResult com.cqdx.springboot.controller.StudentController.queryByPage(com.cqdx.springboot.dto.StudentDTO)]
[WARN]2023-06-29 15:46:59,567 - Resolved [org.springframework.http.converter.HttpMessageNotReadableException: Required request body is missing: public com.cqdx.springboot.utils.result.DataResult com.cqdx.springboot.controller.StudentController.queryByPage(com.cqdx.springboot.dto.StudentDTO)]
[INFO]2023-06-29 15:49:59,845 - Starting SpringbootApplication using Java 1.8.0_144 on hp with PID 26016 (D:\Desktop\工作文件\教学文件\重庆大学\上课\4、Springboot + Vue + ElementUI\代码\springboot\target\classes started by 12920 in D:\Desktop\工作文件\教学文件\重庆大学\上课\4、Springboot + Vue + ElementUI\代码\springboot)
[INFO]2023-06-29 15:49:59,845 - No active profile set, falling back to 1 default profile: "default"
[INFO]2023-06-29 15:49:59,888 - Devtools property defaults active! Set 'spring.devtools.add-properties' to 'false' to disable
[INFO]2023-06-29 15:49:59,888 - For additional web related logging consider setting the 'logging.level.web' property to 'DEBUG'
[INFO]2023-06-29 15:50:00,510 - Bootstrapping Spring Data JPA repositories in DEFAULT mode.
[INFO]2023-06-29 15:50:00,527 - Finished Spring Data repository scanning in 6 ms. Found 0 JPA repository interfaces.
[INFO]2023-06-29 15:50:01,023 - Tomcat initialized with port(s): 8080 (http)
[INFO]2023-06-29 15:50:01,028 - Initializing ProtocolHandler ["http-nio-8080"]
[INFO]2023-06-29 15:50:01,029 - Starting service [Tomcat]
[INFO]2023-06-29 15:50:01,029 - Starting Servlet engine: [Apache Tomcat/9.0.76]
[INFO]2023-06-29 15:50:01,097 - Initializing Spring embedded WebApplicationContext
[INFO]2023-06-29 15:50:01,097 - Root WebApplicationContext: initialization completed in 1208 ms
[INFO]2023-06-29 15:50:01,195 - HikariPool-1 - Starting...
[INFO]2023-06-29 15:50:01,319 - HikariPool-1 - Start completed.
[INFO]2023-06-29 15:50:01,380 - HHH000412: Hibernate ORM core version 5.6.15.Final
[INFO]2023-06-29 15:50:01,478 - HCANN000001: Hibernate Commons Annotations {5.1.2.Final}
[INFO]2023-06-29 15:50:01,573 - HHH000400: Using dialect: org.hibernate.dialect.MySQL57Dialect
[INFO]2023-06-29 15:50:01,697 - HHH000490: Using JtaPlatform implementation: [org.hibernate.engine.transaction.jta.platform.internal.NoJtaPlatform]
[INFO]2023-06-29 15:50:01,708 - Initialized JPA EntityManagerFactory for persistence unit 'default'
[WARN]2023-06-29 15:50:01,994 - spring.jpa.open-in-view is enabled by default. Therefore, database queries may be performed during view rendering. Explicitly configure spring.jpa.open-in-view to disable this warning
[INFO]2023-06-29 15:50:02,340 - LiveReload server is running on port 35729
[INFO]2023-06-29 15:50:02,364 - Starting ProtocolHandler ["http-nio-8080"]
[INFO]2023-06-29 15:50:02,400 - Tomcat started on port(s): 8080 (http) with context path ''
[INFO]2023-06-29 15:50:02,418 - Started SpringbootApplication in 3.111 seconds (JVM running for 5.262)
[INFO]2023-06-29 15:50:18,950 - Initializing Spring DispatcherServlet 'dispatcherServlet'
[INFO]2023-06-29 15:50:18,950 - Initializing Servlet 'dispatcherServlet'
[INFO]2023-06-29 15:50:18,952 - Completed initialization in 2 ms
[WARN]2023-06-29 15:50:19,101 - Resolved [org.springframework.http.converter.HttpMessageNotReadableException: Required request body is missing: public com.cqdx.springboot.utils.result.DataResult com.cqdx.springboot.controller.StudentController.queryByPage(com.cqdx.springboot.dto.StudentDTO)]
[INFO]2023-06-29 16:00:49,831 - Closing JPA EntityManagerFactory for persistence unit 'default'
[INFO]2023-06-29 16:00:49,834 - HikariPool-1 - Shutdown initiated...
[INFO]2023-06-29 16:00:49,840 - HikariPool-1 - Shutdown completed.
[INFO]2023-06-29 16:00:53,652 - Starting SpringbootApplication using Java 1.8.0_144 on hp with PID 27360 (D:\Desktop\工作文件\教学文件\重庆大学\上课\4、Springboot + Vue + ElementUI\代码\springboot\target\classes started by 12920 in D:\Desktop\工作文件\教学文件\重庆大学\上课\4、Springboot + Vue + ElementUI\代码\springboot)
[INFO]2023-06-29 16:00:53,653 - No active profile set, falling back to 1 default profile: "default"
[INFO]2023-06-29 16:00:53,688 - Devtools property defaults active! Set 'spring.devtools.add-properties' to 'false' to disable
[INFO]2023-06-29 16:00:53,688 - For additional web related logging consider setting the 'logging.level.web' property to 'DEBUG'
[INFO]2023-06-29 16:00:54,074 - Bootstrapping Spring Data JPA repositories in DEFAULT mode.
[INFO]2023-06-29 16:00:54,085 - Finished Spring Data repository scanning in 4 ms. Found 0 JPA repository interfaces.
[INFO]2023-06-29 16:00:54,444 - Tomcat initialized with port(s): 8080 (http)
[INFO]2023-06-29 16:00:54,454 - Initializing ProtocolHandler ["http-nio-8080"]
[INFO]2023-06-29 16:00:54,455 - Starting service [Tomcat]
[INFO]2023-06-29 16:00:54,455 - Starting Servlet engine: [Apache Tomcat/9.0.76]
[INFO]2023-06-29 16:00:54,514 - Initializing Spring embedded WebApplicationContext
[INFO]2023-06-29 16:00:54,514 - Root WebApplicationContext: initialization completed in 826 ms
[INFO]2023-06-29 16:00:54,601 - HikariPool-1 - Starting...
[INFO]2023-06-29 16:00:54,707 - HikariPool-1 - Start completed.
[INFO]2023-06-29 16:00:54,749 - HHH000412: Hibernate ORM core version 5.6.15.Final
[INFO]2023-06-29 16:00:54,813 - HCANN000001: Hibernate Commons Annotations {5.1.2.Final}
[INFO]2023-06-29 16:00:54,874 - HHH000400: Using dialect: org.hibernate.dialect.MySQL57Dialect
[INFO]2023-06-29 16:00:54,942 - HHH000490: Using JtaPlatform implementation: [org.hibernate.engine.transaction.jta.platform.internal.NoJtaPlatform]
[INFO]2023-06-29 16:00:54,949 - Initialized JPA EntityManagerFactory for persistence unit 'default'
[WARN]2023-06-29 16:00:55,150 - spring.jpa.open-in-view is enabled by default. Therefore, database queries may be performed during view rendering. Explicitly configure spring.jpa.open-in-view to disable this warning
[INFO]2023-06-29 16:00:55,370 - LiveReload server is running on port 35729
[INFO]2023-06-29 16:00:55,381 - Starting ProtocolHandler ["http-nio-8080"]
[INFO]2023-06-29 16:00:55,393 - Tomcat started on port(s): 8080 (http) with context path ''
[INFO]2023-06-29 16:00:55,410 - Started SpringbootApplication in 2.097 seconds (JVM running for 3.674)
[INFO]2023-06-29 16:01:05,261 - Initializing Spring DispatcherServlet 'dispatcherServlet'
[INFO]2023-06-29 16:01:05,261 - Initializing Servlet 'dispatcherServlet'
[INFO]2023-06-29 16:01:05,261 - Completed initialization in 0 ms
[INFO]2023-06-29 16:23:14,836 - Starting SpringbootApplication using Java 1.8.0_144 on hp with PID 30372 (D:\Desktop\工作文件\教学文件\重庆大学\上课\4、Springboot + Vue + ElementUI\代码\springboot\target\classes started by 12920 in D:\Desktop\工作文件\教学文件\重庆大学\上课\4、Springboot + Vue + ElementUI\代码\springboot)
[INFO]2023-06-29 16:23:14,837 - No active profile set, falling back to 1 default profile: "default"
[INFO]2023-06-29 16:23:14,889 - Devtools property defaults active! Set 'spring.devtools.add-properties' to 'false' to disable
[INFO]2023-06-29 16:23:14,889 - For additional web related logging consider setting the 'logging.level.web' property to 'DEBUG'
[INFO]2023-06-29 16:23:15,519 - Bootstrapping Spring Data JPA repositories in DEFAULT mode.
[INFO]2023-06-29 16:23:15,539 - Finished Spring Data repository scanning in 9 ms. Found 0 JPA repository interfaces.
[INFO]2023-06-29 16:23:16,113 - Tomcat initialized with port(s): 8080 (http)
[INFO]2023-06-29 16:23:16,119 - Initializing ProtocolHandler ["http-nio-8080"]
[INFO]2023-06-29 16:23:16,120 - Starting service [Tomcat]
[INFO]2023-06-29 16:23:16,120 - Starting Servlet engine: [Apache Tomcat/9.0.76]
[INFO]2023-06-29 16:23:16,200 - Initializing Spring embedded WebApplicationContext
[INFO]2023-06-29 16:23:16,200 - Root WebApplicationContext: initialization completed in 1310 ms
[INFO]2023-06-29 16:23:16,309 - HikariPool-1 - Starting...
[INFO]2023-06-29 16:23:16,453 - HikariPool-1 - Start completed.
[INFO]2023-06-29 16:23:16,526 - HHH000412: Hibernate ORM core version 5.6.15.Final
[INFO]2023-06-29 16:23:16,639 - HCANN000001: Hibernate Commons Annotations {5.1.2.Final}
[INFO]2023-06-29 16:23:16,735 - HHH000400: Using dialect: org.hibernate.dialect.MySQL57Dialect
[INFO]2023-06-29 16:23:16,818 - HHH000490: Using JtaPlatform implementation: [org.hibernate.engine.transaction.jta.platform.internal.NoJtaPlatform]
[INFO]2023-06-29 16:23:16,825 - Initialized JPA EntityManagerFactory for persistence unit 'default'
[WARN]2023-06-29 16:23:17,018 - spring.jpa.open-in-view is enabled by default. Therefore, database queries may be performed during view rendering. Explicitly configure spring.jpa.open-in-view to disable this warning
[INFO]2023-06-29 16:23:17,209 - LiveReload server is running on port 35729
[INFO]2023-06-29 16:23:17,222 - Starting ProtocolHandler ["http-nio-8080"]
[INFO]2023-06-29 16:23:17,232 - Tomcat started on port(s): 8080 (http) with context path ''
[INFO]2023-06-29 16:23:17,256 - Started SpringbootApplication in 2.879 seconds (JVM running for 4.32)
[INFO]2023-06-29 16:23:22,766 - Initializing Spring DispatcherServlet 'dispatcherServlet'
[INFO]2023-06-29 16:23:22,766 - Initializing Servlet 'dispatcherServlet'
[INFO]2023-06-29 16:23:22,767 - Completed initialization in 0 ms
